[debug] [2019-03-31T04:52:45.258Z] ----------------------------------------------------------------------
[debug] [2019-03-31T04:52:45.262Z] Command:       C:\Program Files\nodejs\node.exe C:\Users\sanoofp\AppData\Roaming\npm\node_modules\firebase-tools\lib\bin\firebase.js init hosting
[debug] [2019-03-31T04:52:45.262Z] CLI Version:   6.5.0
[debug] [2019-03-31T04:52:45.262Z] Platform:      win32
[debug] [2019-03-31T04:52:45.262Z] Node Version:  v8.11.1
[debug] [2019-03-31T04:52:45.262Z] Time:          Sun Mar 31 2019 10:22:45 GMT+0530 (India Standard Time)
[debug] [2019-03-31T04:52:45.262Z] ----------------------------------------------------------------------
[debug] 
[debug] [2019-03-31T04:52:45.277Z] > command requires scopes: ["email","openid","https://www.googleapis.com/auth/cloudplatformprojects.readonly","https://www.googleapis.com/auth/firebase","https://www.googleapis.com/auth/cloud-platform"]
[debug] [2019-03-31T04:52:45.278Z] > authorizing via signed-in user
[info] 
     ######## #### ########  ######## ########     ###     ######  ########
     ##        ##  ##     ## ##       ##     ##  ##   ##  ##       ##
     ######    ##  ########  ######   ########  #########  ######  ######
     ##        ##  ##    ##  ##       ##     ## ##     ##       ## ##
     ##       #### ##     ## ######## ########  ##     ##  ######  ########

You're about to initialize a Firebase project in this directory:

  C:\Node-Project\linklib-react

Before we get started, keep in mind:

  * You are currently outside your home directory

