Arguments: 
  C:\Program Files\nodejs\node.exe C:\Program Files (x86)\Yarn\bin\yarn.js add express mongoose

PATH: 
  C:\ProgramData\Oracle\Java\javapath;C:\WINDOWS\system32;C:\WINDOWS;C:\WINDOWS\System32\Wbem;C:\WINDOWS\System32\WindowsPowerShell\v1.0\;C:\Program Files (x86)\Brackets\command;C:\Program Files\Git\cmd;C:\Program Files\Git\mingw64\bin;C:\Program Files\Git\usr\bin;C:\Program Files (x86)\Yarn\bin\;C:\Program Files\nodejs\;C:\ProgramData\chocolatey\bin;;C:\Program Files\Microsoft VS Code\bin;C:\Program Files\PuTTY\;C:\Users\sanoofp\AppData\Local\Programs\Python\Python37\Scripts\;C:\Users\sanoofp\AppData\Local\Programs\Python\Python37\;C:\Program Files\Microsoft VS Code\bin;C:\Users\sanoofp\AppData\Local\Yarn\bin;C:\Users\sanoofp\AppData\Roaming\npm;C:\Users\sanoofp\AppData\Local\Android\Sdk\platform-tools;C:\Users\sanoofp\AppData\Local\Android\Sdk\platforms;C:\Program Files\Heroku\bin;C:\ProgramData\sanoofp\hyper\app-2.0.0\resources\bin;C:\Users\sanoofp\AppData\Local\hyper\app-2.1.2\resources\bin

Yarn version: 
  1.5.1

Node version: 
  8.11.1

Platform: 
  win32 x64

npm manifest: 
  {
    "name": "linklib-react",
    "version": "1.0.0",
    "main": "server.js",
    "license": "MIT"
  }

yarn manifest: 
  No manifest

Lockfile: 
  No lockfile

Trace: 
  Error: connect ETIMEDOUT 104.16.26.35:443
      at Object._errnoException (util.js:1022:11)
      at _exceptionWithHostPort (util.js:1044:20)
      at TCPConnectWrap.afterConnect [as oncomplete] (net.js:1198:14)
